{
  "stats": {
    "suites": 1,
    "tests": 3,
    "passes": 1,
    "pending": 0,
    "failures": 2,
    "start": "2022-11-10T17:53:05.023Z",
    "end": "2022-11-10T17:53:25.945Z",
    "duration": 20922,
    "testsRegistered": 3,
    "passPercent": 33.33333333333333,
    "pendingPercent": 0,
    "other": 0,
    "hasOther": false,
    "skipped": 0,
    "hasSkipped": false
  },
  "results": [
    {
      "uuid": "57d737bf-af8a-493d-962d-fa76883c8168",
      "title": "",
      "fullFile": "cypress/e2e/order.cy.js",
      "file": "cypress/e2e/order.cy.js",
      "beforeHooks": [],
      "afterHooks": [],
      "tests": [],
      "suites": [
        {
          "uuid": "401a3f3e-0dd0-485a-99b0-7c1ae8b4b89a",
          "title": "test",
          "fullFile": "",
          "file": "",
          "beforeHooks": [],
          "afterHooks": [],
          "tests": [
            {
              "title": "Place order",
              "fullTitle": "test Place order",
              "timedOut": null,
              "duration": 6231,
              "state": "failed",
              "speed": null,
              "pass": false,
              "fail": true,
              "pending": false,
              "context": null,
              "code": "cy.setCookie(\"AC_SF_8CEFDA09D5\", _user.default.AC_SF_8CEFDA09D5);\ncy.visit('/index.php?rt=product/product&product_id=52');\ncy.get('#product_quantity').clear().type('4');\ncy.get('.productpagecart').click();\ncy.get('#cart_checkout1').click();\ncy.get('#checkout_btn').click();\ncy.get('h1.heading1').should('contain', 'Your Order Has Been Processed!');\ncy.get('.contentpanel').should('contain', 'Thank you for shopping with us!').and('contain', 'Your order ').and('contain', 'has been created!');",
              "err": {
                "message": "AssertionError: Timed out retrying after 4000ms: Expected to find element: `#checkout_btn`, but never found it.",
                "estack": "AssertionError: Timed out retrying after 4000ms: Expected to find element: `#checkout_btn`, but never found it.\n    at Context.eval (webpack:///./cypress/e2e/order.cy.js:15:7)",
                "diff": null
              },
              "uuid": "0f95a79b-606c-47ab-9297-0c86cc9b8ac9",
              "parentUUID": "401a3f3e-0dd0-485a-99b0-7c1ae8b4b89a",
              "isHook": false,
              "skipped": false
            },
            {
              "title": "Place order via search ",
              "fullTitle": "test Place order via search ",
              "timedOut": null,
              "duration": 7232,
              "state": "failed",
              "speed": null,
              "pass": false,
              "fail": true,
              "pending": false,
              "context": null,
              "code": "cy.setCookie(\"AC_SF_8CEFDA09D5\", _user.default.AC_SF_8CEFDA09D5);\ncy.visit('/');\n(0, _helper.searchExistingProduct)('Benefit Bella Bamba');\ncy.get('#product_quantity').clear().type('4');\ncy.get('.productpagecart').click();\ncy.get('#cart_checkout1').click();\ncy.get('#checkout_btn').click();\ncy.get('h1.heading1').should('contain', 'Your Order Has Been Processed!');\ncy.get('.contentpanel').should('contain', 'Thank you for shopping with us!').and('contain', 'Your order ').and('contain', 'has been created!');",
              "err": {
                "message": "AssertionError: Timed out retrying after 4000ms: Expected to find element: `#checkout_btn`, but never found it.",
                "estack": "AssertionError: Timed out retrying after 4000ms: Expected to find element: `#checkout_btn`, but never found it.\n    at Context.eval (webpack:///./cypress/e2e/order.cy.js:36:7)",
                "diff": null
              },
              "uuid": "18e71e68-9394-4739-82e5-06ab2c30f84e",
              "parentUUID": "401a3f3e-0dd0-485a-99b0-7c1ae8b4b89a",
              "isHook": false,
              "skipped": false
            },
            {
              "title": "Place order via search with helper",
              "fullTitle": "test Place order via search with helper",
              "timedOut": null,
              "duration": 7395,
              "state": "passed",
              "speed": "medium",
              "pass": true,
              "fail": false,
              "pending": false,
              "context": null,
              "code": "cy.visit('/index.php?rt=account/login');\ncy.get('#loginFrm_loginname').type(_user.default.userName);\ncy.get('#loginFrm_password').type(_user.default.password);\ncy.get('button[title=\"Login\"]').click();\ncy.get('h1.heading1').should('contain', _user.default.firstName).and('contain', \"My Account\");\ncy.get('#filter_keyword').type('i').closest('form').submit();\n(0, _helper.searchProductWithRecursion)('Benefit Bella Bamba');\ncy.get('#product_quantity').clear().type('4');\ncy.get('.productpagecart').click();\ncy.get('#cart_checkout1').click();\ncy.get('#checkout_btn').click();\ncy.get('h1.heading1').should('contain', 'Your Order Has Been Processed!');\ncy.get('.contentpanel').should('contain', 'Thank you for shopping with us!').and('contain', 'Your order ').and('contain', 'has been created!');",
              "err": {},
              "uuid": "fe422d1d-bb4b-44f5-a1e6-84f79c80f468",
              "parentUUID": "401a3f3e-0dd0-485a-99b0-7c1ae8b4b89a",
              "isHook": false,
              "skipped": false
            }
          ],
          "suites": [],
          "passes": [
            "fe422d1d-bb4b-44f5-a1e6-84f79c80f468"
          ],
          "failures": [
            "0f95a79b-606c-47ab-9297-0c86cc9b8ac9",
            "18e71e68-9394-4739-82e5-06ab2c30f84e"
          ],
          "pending": [],
          "skipped": [],
          "duration": 20858,
          "root": false,
          "rootEmpty": false,
          "_timeout": 2000
        }
      ],
      "passes": [],
      "failures": [],
      "pending": [],
      "skipped": [],
      "duration": 0,
      "root": true,
      "rootEmpty": true,
      "_timeout": 2000
    }
  ],
  "meta": {
    "mocha": {
      "version": "7.0.1"
    },
    "mochawesome": {
      "options": {
        "quiet": false,
        "reportFilename": "mochawesome",
        "saveHtml": false,
        "saveJson": true,
        "consoleReporter": "spec",
        "useInlineDiffs": false,
        "code": true
      },
      "version": "7.1.3"
    },
    "marge": {
      "options": {
        "configFile": "reporter-config.json",
        "reportDir": "cypress/results",
        "overwrite": false,
        "html": false,
        "json": true
      },
      "version": "6.2.0"
    }
  }
}