{
  "stats": {
    "suites": 0,
    "tests": 2,
    "passes": 2,
    "pending": 0,
    "failures": 0,
    "start": "2022-11-10T18:51:57.268Z",
    "end": "2022-11-10T18:52:02.272Z",
    "duration": 5004,
    "testsRegistered": 2,
    "passPercent": 100,
    "pendingPercent": 0,
    "other": 0,
    "hasOther": false,
    "skipped": 0,
    "hasSkipped": false
  },
  "results": [
    {
      "uuid": "32975939-0d2e-4481-a750-bc1bb6a080e1",
      "title": "",
      "fullFile": "cypress/e2e/authorizationPageObject.cy.js",
      "file": "cypress/e2e/authorizationPageObject.cy.js",
      "beforeHooks": [],
      "afterHooks": [],
      "tests": [
        {
          "title": "Authorization",
          "fullTitle": "Authorization",
          "timedOut": null,
          "duration": 4350,
          "state": "passed",
          "speed": "fast",
          "pass": true,
          "fail": false,
          "pending": false,
          "context": null,
          "code": "_AuthorizationPage.default.visit();\n_AuthorizationPage.default.submitLoginForm(_user.default.userName, _user.default.password);\n_AccountPage.default.getUserNameFromHeading().should('contain', _user.default.firstName).and('contain', \"My Account\");\ncy.getCookie('AC_SF_8CEFDA09D5').should('exist');",
          "err": {},
          "uuid": "d0e09ab2-2004-42de-a856-392a9d3ef2e8",
          "parentUUID": "32975939-0d2e-4481-a750-bc1bb6a080e1",
          "isHook": false,
          "skipped": false
        },
        {
          "title": "Test inheritance",
          "fullTitle": "Test inheritance",
          "timedOut": null,
          "duration": 637,
          "state": "passed",
          "speed": "fast",
          "pass": true,
          "fail": false,
          "pending": false,
          "context": null,
          "code": "_AuthorizationPage.default.visit();\n_AuthorizationPage.default.performSearch('i');",
          "err": {},
          "uuid": "1f8f7852-f471-4bcb-ba8e-4e553f6b6a0f",
          "parentUUID": "32975939-0d2e-4481-a750-bc1bb6a080e1",
          "isHook": false,
          "skipped": false
        }
      ],
      "suites": [],
      "passes": [
        "d0e09ab2-2004-42de-a856-392a9d3ef2e8",
        "1f8f7852-f471-4bcb-ba8e-4e553f6b6a0f"
      ],
      "failures": [],
      "pending": [],
      "skipped": [],
      "duration": 4987,
      "root": true,
      "rootEmpty": false,
      "_timeout": 2000
    }
  ],
  "meta": {
    "mocha": {
      "version": "7.0.1"
    },
    "mochawesome": {
      "options": {
        "quiet": false,
        "reportFilename": "mochawesome",
        "saveHtml": false,
        "saveJson": true,
        "consoleReporter": "spec",
        "useInlineDiffs": false,
        "code": true
      },
      "version": "7.1.3"
    },
    "marge": {
      "options": {
        "configFile": "reporter-config.json",
        "reportDir": "cypress/results",
        "overwrite": false,
        "html": false,
        "json": true
      },
      "version": "6.2.0"
    }
  }
}