{
  "stats": {
    "suites": 0,
    "tests": 2,
    "passes": 2,
    "pending": 0,
    "failures": 0,
    "start": "2022-11-10T17:52:59.992Z",
    "end": "2022-11-10T17:53:02.733Z",
    "duration": 2741,
    "testsRegistered": 2,
    "passPercent": 100,
    "pendingPercent": 0,
    "other": 0,
    "hasOther": false,
    "skipped": 0,
    "hasSkipped": false
  },
  "results": [
    {
      "uuid": "5781e8e7-2c9d-4fd1-b232-cb2b5d2549df",
      "title": "",
      "fullFile": "cypress/e2e/authorizationPageObject.cy.js",
      "file": "cypress/e2e/authorizationPageObject.cy.js",
      "beforeHooks": [],
      "afterHooks": [],
      "tests": [
        {
          "title": "Authorization",
          "fullTitle": "Authorization",
          "timedOut": null,
          "duration": 2236,
          "state": "passed",
          "speed": "fast",
          "pass": true,
          "fail": false,
          "pending": false,
          "context": null,
          "code": "_AuthorizationPage.default.visit();\n_AuthorizationPage.default.submitLoginForm(_user.default.userName, _user.default.password);\n_AccountPage.default.getUserNameFromHeading().should('contain', _user.default.firstName).and('contain', \"My Account\");\ncy.getCookie('AC_SF_8CEFDA09D5').should('exist');",
          "err": {},
          "uuid": "b70238bf-82f4-43fa-bc4c-b8f4d6c94025",
          "parentUUID": "5781e8e7-2c9d-4fd1-b232-cb2b5d2549df",
          "isHook": false,
          "skipped": false
        },
        {
          "title": "Test inheritance",
          "fullTitle": "Test inheritance",
          "timedOut": null,
          "duration": 483,
          "state": "passed",
          "speed": "fast",
          "pass": true,
          "fail": false,
          "pending": false,
          "context": null,
          "code": "_AuthorizationPage.default.visit();\n_AuthorizationPage.default.performSearch('i');",
          "err": {},
          "uuid": "49a6f5bc-a9db-4492-bc6c-9ef71d75c6a6",
          "parentUUID": "5781e8e7-2c9d-4fd1-b232-cb2b5d2549df",
          "isHook": false,
          "skipped": false
        }
      ],
      "suites": [],
      "passes": [
        "b70238bf-82f4-43fa-bc4c-b8f4d6c94025",
        "49a6f5bc-a9db-4492-bc6c-9ef71d75c6a6"
      ],
      "failures": [],
      "pending": [],
      "skipped": [],
      "duration": 2719,
      "root": true,
      "rootEmpty": false,
      "_timeout": 2000
    }
  ],
  "meta": {
    "mocha": {
      "version": "7.0.1"
    },
    "mochawesome": {
      "options": {
        "quiet": false,
        "reportFilename": "mochawesome",
        "saveHtml": false,
        "saveJson": true,
        "consoleReporter": "spec",
        "useInlineDiffs": false,
        "code": true
      },
      "version": "7.1.3"
    },
    "marge": {
      "options": {
        "configFile": "reporter-config.json",
        "reportDir": "cypress/results",
        "overwrite": false,
        "html": false,
        "json": true
      },
      "version": "6.2.0"
    }
  }
}